2024-03-04 15:43:23,590 [Worker-5: Loading available Gradle versions] INFO  o.e.b.c.i.u.g.PublishedGradleVersions - Gradle version information cache is out-of-date. Trying to update.
2024-03-04 15:53:47,483 [Worker-0: Creating project "tuan5"] INFO  o.e.m.c.i.e.AbstractTransferListenerAdapter - Downloading https://repo.maven.apache.org/maven2/org/apache/maven/plugins/maven-jar-plugin/2.4/maven-jar-plugin-2.4.jar
2024-03-04 15:53:47,545 [Worker-0: Creating project "tuan5"] INFO  o.e.m.c.i.e.AbstractTransferListenerAdapter - Downloaded https://repo.maven.apache.org/maven2/org/apache/maven/plugins/maven-jar-plugin/2.4/maven-jar-plugin-2.4.jar
2024-03-04 15:53:51,652 [Worker-0: Creating project "tuan5"] INFO  o.e.m.c.i.l.LifecycleMappingFactory - Using org.eclipse.m2e.jdt.JarLifecycleMapping lifecycle mapping for MavenProject: com.iuh:tuan5:0.0.1-SNAPSHOT @ T:\Tuan05\tuan5\pom.xml.
2024-03-04 15:53:52,526 [Worker-0: Creating project "tuan5"] INFO  o.e.m.j.i.AbstractJavaProjectConfigurator - Adding source folder /tuan5/src/main/java
2024-03-04 15:53:52,528 [Worker-0: Creating project "tuan5"] INFO  o.e.m.j.i.AbstractJavaProjectConfigurator - Adding resource folder /tuan5/src/main/resources
2024-03-04 15:53:52,530 [Worker-0: Creating project "tuan5"] INFO  o.e.m.j.i.AbstractJavaProjectConfigurator - Adding source folder /tuan5/src/test/java
2024-03-04 15:53:52,530 [Worker-0: Creating project "tuan5"] INFO  o.e.m.j.i.AbstractJavaProjectConfigurator - Adding resource folder /tuan5/src/test/resources
2024-03-04 15:53:53,853 [Worker-15: Building] WARN  o.e.m.c.i.embedder.EclipseLogger - Using platform encoding (Cp1252 actually) to copy filtered resources, i.e. build is platform dependent!
2024-03-04 15:53:53,881 [Worker-15: Building] INFO  o.e.m.c.i.embedder.EclipseLogger - Copying 0 resource
2024-03-04 15:53:53,884 [Worker-15: Building] WARN  o.e.m.c.i.embedder.EclipseLogger - Using platform encoding (Cp1252 actually) to copy filtered resources, i.e. build is platform dependent!
2024-03-04 15:53:53,885 [Worker-15: Building] INFO  o.e.m.c.i.embedder.EclipseLogger - Copying 0 resource
2024-03-04 15:54:13,413 [Worker-14: Building] WARN  o.e.m.c.i.embedder.EclipseLogger - Using platform encoding (Cp1252 actually) to copy filtered resources, i.e. build is platform dependent!
2024-03-04 15:54:13,419 [Worker-14: Building] INFO  o.e.m.c.i.embedder.EclipseLogger - Copying 0 resource
2024-03-04 15:54:13,422 [Worker-14: Building] WARN  o.e.m.c.i.embedder.EclipseLogger - Using platform encoding (Cp1252 actually) to copy filtered resources, i.e. build is platform dependent!
2024-03-04 15:54:13,423 [Worker-14: Building] INFO  o.e.m.c.i.embedder.EclipseLogger - Copying 0 resource
2024-03-04 15:54:30,684 [Worker-15: Building] WARN  o.e.m.c.i.embedder.EclipseLogger - Using platform encoding (Cp1252 actually) to copy filtered resources, i.e. build is platform dependent!
2024-03-04 15:54:30,685 [Worker-15: Building] INFO  o.e.m.c.i.embedder.EclipseLogger - Copying 0 resource
2024-03-04 15:54:30,687 [Worker-15: Building] WARN  o.e.m.c.i.embedder.EclipseLogger - Using platform encoding (Cp1252 actually) to copy filtered resources, i.e. build is platform dependent!
2024-03-04 15:54:30,688 [Worker-15: Building] INFO  o.e.m.c.i.embedder.EclipseLogger - Copying 0 resource
2024-03-04 15:54:31,749 [Worker-15: Building] WARN  o.e.m.c.i.embedder.EclipseLogger - Using platform encoding (Cp1252 actually) to copy filtered resources, i.e. build is platform dependent!
2024-03-04 15:54:31,750 [Worker-15: Building] INFO  o.e.m.c.i.embedder.EclipseLogger - Copying 0 resource
2024-03-04 15:54:31,753 [Worker-15: Building] WARN  o.e.m.c.i.embedder.EclipseLogger - Using platform encoding (Cp1252 actually) to copy filtered resources, i.e. build is platform dependent!
2024-03-04 15:54:31,754 [Worker-15: Building] INFO  o.e.m.c.i.embedder.EclipseLogger - Copying 0 resource
2024-03-04 15:54:41,128 [Worker-0: Building] WARN  o.e.m.c.i.embedder.EclipseLogger - Using platform encoding (Cp1252 actually) to copy filtered resources, i.e. build is platform dependent!
2024-03-04 15:54:41,129 [Worker-0: Building] INFO  o.e.m.c.i.embedder.EclipseLogger - Copying 0 resource
2024-03-04 15:54:41,131 [Worker-0: Building] WARN  o.e.m.c.i.embedder.EclipseLogger - Using platform encoding (Cp1252 actually) to copy filtered resources, i.e. build is platform dependent!
2024-03-04 15:54:41,132 [Worker-0: Building] INFO  o.e.m.c.i.embedder.EclipseLogger - Copying 0 resource
2024-03-04 15:58:18,413 [Worker-12: Building] WARN  o.e.m.c.i.embedder.EclipseLogger - Using platform encoding (Cp1252 actually) to copy filtered resources, i.e. build is platform dependent!
2024-03-04 15:58:18,415 [Worker-12: Building] INFO  o.e.m.c.i.embedder.EclipseLogger - Copying 0 resource
2024-03-04 15:58:18,417 [Worker-12: Building] WARN  o.e.m.c.i.embedder.EclipseLogger - Using platform encoding (Cp1252 actually) to copy filtered resources, i.e. build is platform dependent!
2024-03-04 15:58:18,419 [Worker-12: Building] INFO  o.e.m.c.i.embedder.EclipseLogger - Copying 0 resource
2024-03-04 15:58:45,869 [Worker-12: Building] WARN  o.e.m.c.i.embedder.EclipseLogger - Using platform encoding (Cp1252 actually) to copy filtered resources, i.e. build is platform dependent!
2024-03-04 15:58:45,871 [Worker-12: Building] INFO  o.e.m.c.i.embedder.EclipseLogger - Copying 0 resource
2024-03-04 15:58:45,872 [Worker-12: Building] WARN  o.e.m.c.i.embedder.EclipseLogger - Using platform encoding (Cp1252 actually) to copy filtered resources, i.e. build is platform dependent!
2024-03-04 15:58:45,873 [Worker-12: Building] INFO  o.e.m.c.i.embedder.EclipseLogger - Copying 0 resource
2024-03-04 16:01:11,765 [Worker-12: Building] WARN  o.e.m.c.i.embedder.EclipseLogger - Using platform encoding (Cp1252 actually) to copy filtered resources, i.e. build is platform dependent!
2024-03-04 16:01:11,767 [Worker-12: Building] INFO  o.e.m.c.i.embedder.EclipseLogger - Copying 0 resource
2024-03-04 16:01:11,771 [Worker-12: Building] WARN  o.e.m.c.i.embedder.EclipseLogger - Using platform encoding (Cp1252 actually) to copy filtered resources, i.e. build is platform dependent!
2024-03-04 16:01:11,771 [Worker-12: Building] INFO  o.e.m.c.i.embedder.EclipseLogger - Copying 0 resource
2024-03-04 16:03:51,079 [Worker-18: Launching XmlUi] WARN  o.e.m.c.i.embedder.EclipseLogger - Using platform encoding (Cp1252 actually) to copy filtered resources, i.e. build is platform dependent!
2024-03-04 16:03:51,080 [Worker-18: Launching XmlUi] INFO  o.e.m.c.i.embedder.EclipseLogger - Copying 0 resource
2024-03-04 16:03:51,082 [Worker-18: Launching XmlUi] WARN  o.e.m.c.i.embedder.EclipseLogger - Using platform encoding (Cp1252 actually) to copy filtered resources, i.e. build is platform dependent!
2024-03-04 16:03:51,083 [Worker-18: Launching XmlUi] INFO  o.e.m.c.i.embedder.EclipseLogger - Copying 0 resource
2024-03-04 16:04:27,260 [Worker-18: Building] WARN  o.e.m.c.i.embedder.EclipseLogger - Using platform encoding (Cp1252 actually) to copy filtered resources, i.e. build is platform dependent!
2024-03-04 16:04:27,263 [Worker-18: Building] INFO  o.e.m.c.i.embedder.EclipseLogger - Copying 1 resource
2024-03-04 16:04:27,281 [Worker-18: Building] WARN  o.e.m.c.i.embedder.EclipseLogger - Using platform encoding (Cp1252 actually) to copy filtered resources, i.e. build is platform dependent!
2024-03-04 16:04:27,282 [Worker-18: Building] INFO  o.e.m.c.i.embedder.EclipseLogger - Copying 0 resource
2024-03-04 16:09:48,305 [Worker-21: Building] WARN  o.e.m.c.i.embedder.EclipseLogger - Using platform encoding (Cp1252 actually) to copy filtered resources, i.e. build is platform dependent!
2024-03-04 16:09:48,307 [Worker-21: Building] INFO  o.e.m.c.i.embedder.EclipseLogger - Copying 1 resource
2024-03-04 16:09:48,309 [Worker-21: Building] WARN  o.e.m.c.i.embedder.EclipseLogger - Using platform encoding (Cp1252 actually) to copy filtered resources, i.e. build is platform dependent!
2024-03-04 16:09:48,310 [Worker-21: Building] INFO  o.e.m.c.i.embedder.EclipseLogger - Copying 0 resource
2024-03-04 16:11:40,376 [Worker-12: Launching XmlUi] WARN  o.e.m.c.i.embedder.EclipseLogger - Using platform encoding (Cp1252 actually) to copy filtered resources, i.e. build is platform dependent!
2024-03-04 16:11:40,378 [Worker-12: Launching XmlUi] INFO  o.e.m.c.i.embedder.EclipseLogger - Copying 1 resource
2024-03-04 16:11:40,381 [Worker-12: Launching XmlUi] WARN  o.e.m.c.i.embedder.EclipseLogger - Using platform encoding (Cp1252 actually) to copy filtered resources, i.e. build is platform dependent!
2024-03-04 16:11:40,383 [Worker-12: Launching XmlUi] INFO  o.e.m.c.i.embedder.EclipseLogger - Copying 0 resource
2024-03-04 16:16:59,015 [Worker-24: Building] WARN  o.e.m.c.i.embedder.EclipseLogger - Using platform encoding (Cp1252 actually) to copy filtered resources, i.e. build is platform dependent!
2024-03-04 16:16:59,016 [Worker-24: Building] INFO  o.e.m.c.i.embedder.EclipseLogger - Copying 1 resource
2024-03-04 16:16:59,027 [Worker-24: Building] WARN  o.e.m.c.i.embedder.EclipseLogger - Using platform encoding (Cp1252 actually) to copy filtered resources, i.e. build is platform dependent!
2024-03-04 16:16:59,028 [Worker-24: Building] INFO  o.e.m.c.i.embedder.EclipseLogger - Copying 0 resource
2024-03-04 16:20:04,904 [Worker-20: Building] WARN  o.e.m.c.i.embedder.EclipseLogger - Using platform encoding (Cp1252 actually) to copy filtered resources, i.e. build is platform dependent!
2024-03-04 16:20:04,906 [Worker-20: Building] INFO  o.e.m.c.i.embedder.EclipseLogger - Copying 1 resource
2024-03-04 16:20:04,917 [Worker-20: Building] WARN  o.e.m.c.i.embedder.EclipseLogger - Using platform encoding (Cp1252 actually) to copy filtered resources, i.e. build is platform dependent!
2024-03-04 16:20:04,918 [Worker-20: Building] INFO  o.e.m.c.i.embedder.EclipseLogger - Copying 0 resource
2024-03-04 16:20:14,966 [Worker-25: Launching XmlUi] WARN  o.e.m.c.i.embedder.EclipseLogger - Using platform encoding (Cp1252 actually) to copy filtered resources, i.e. build is platform dependent!
2024-03-04 16:20:14,968 [Worker-25: Launching XmlUi] INFO  o.e.m.c.i.embedder.EclipseLogger - Copying 1 resource
2024-03-04 16:20:14,970 [Worker-25: Launching XmlUi] WARN  o.e.m.c.i.embedder.EclipseLogger - Using platform encoding (Cp1252 actually) to copy filtered resources, i.e. build is platform dependent!
2024-03-04 16:20:14,971 [Worker-25: Launching XmlUi] INFO  o.e.m.c.i.embedder.EclipseLogger - Copying 0 resource
2024-03-04 16:20:55,819 [Worker-20: Launching XmlUi] WARN  o.e.m.c.i.embedder.EclipseLogger - Using platform encoding (Cp1252 actually) to copy filtered resources, i.e. build is platform dependent!
2024-03-04 16:20:55,821 [Worker-20: Launching XmlUi] INFO  o.e.m.c.i.embedder.EclipseLogger - Copying 1 resource
2024-03-04 16:20:55,839 [Worker-20: Launching XmlUi] WARN  o.e.m.c.i.embedder.EclipseLogger - Using platform encoding (Cp1252 actually) to copy filtered resources, i.e. build is platform dependent!
2024-03-04 16:20:55,840 [Worker-20: Launching XmlUi] INFO  o.e.m.c.i.embedder.EclipseLogger - Copying 0 resource
2024-03-04 16:21:15,927 [Worker-20: Building] WARN  o.e.m.c.i.embedder.EclipseLogger - Using platform encoding (Cp1252 actually) to copy filtered resources, i.e. build is platform dependent!
2024-03-04 16:21:15,928 [Worker-20: Building] INFO  o.e.m.c.i.embedder.EclipseLogger - Copying 1 resource
2024-03-04 16:21:15,938 [Worker-20: Building] WARN  o.e.m.c.i.embedder.EclipseLogger - Using platform encoding (Cp1252 actually) to copy filtered resources, i.e. build is platform dependent!
2024-03-04 16:21:15,939 [Worker-20: Building] INFO  o.e.m.c.i.embedder.EclipseLogger - Copying 0 resource
2024-03-04 16:21:38,155 [Worker-27: Launching XmlUi] WARN  o.e.m.c.i.embedder.EclipseLogger - Using platform encoding (Cp1252 actually) to copy filtered resources, i.e. build is platform dependent!
2024-03-04 16:21:38,161 [Worker-27: Launching XmlUi] INFO  o.e.m.c.i.embedder.EclipseLogger - Copying 1 resource
2024-03-04 16:21:38,177 [Worker-27: Launching XmlUi] WARN  o.e.m.c.i.embedder.EclipseLogger - Using platform encoding (Cp1252 actually) to copy filtered resources, i.e. build is platform dependent!
2024-03-04 16:21:38,178 [Worker-27: Launching XmlUi] INFO  o.e.m.c.i.embedder.EclipseLogger - Copying 0 resource
2024-03-04 16:21:55,897 [Worker-20: Launching XmlUi] WARN  o.e.m.c.i.embedder.EclipseLogger - Using platform encoding (Cp1252 actually) to copy filtered resources, i.e. build is platform dependent!
2024-03-04 16:21:55,899 [Worker-20: Launching XmlUi] INFO  o.e.m.c.i.embedder.EclipseLogger - Copying 1 resource
2024-03-04 16:21:55,916 [Worker-20: Launching XmlUi] WARN  o.e.m.c.i.embedder.EclipseLogger - Using platform encoding (Cp1252 actually) to copy filtered resources, i.e. build is platform dependent!
2024-03-04 16:21:55,917 [Worker-20: Launching XmlUi] INFO  o.e.m.c.i.embedder.EclipseLogger - Copying 0 resource
2024-03-04 16:22:09,711 [Worker-26: Launching XmlUi] WARN  o.e.m.c.i.embedder.EclipseLogger - Using platform encoding (Cp1252 actually) to copy filtered resources, i.e. build is platform dependent!
2024-03-04 16:22:09,712 [Worker-26: Launching XmlUi] INFO  o.e.m.c.i.embedder.EclipseLogger - Copying 1 resource
2024-03-04 16:22:09,728 [Worker-26: Launching XmlUi] WARN  o.e.m.c.i.embedder.EclipseLogger - Using platform encoding (Cp1252 actually) to copy filtered resources, i.e. build is platform dependent!
2024-03-04 16:22:09,729 [Worker-26: Launching XmlUi] INFO  o.e.m.c.i.embedder.EclipseLogger - Copying 0 resource
2024-03-04 16:22:29,211 [Worker-27: Launching XmlUi] WARN  o.e.m.c.i.embedder.EclipseLogger - Using platform encoding (Cp1252 actually) to copy filtered resources, i.e. build is platform dependent!
2024-03-04 16:22:29,213 [Worker-27: Launching XmlUi] INFO  o.e.m.c.i.embedder.EclipseLogger - Copying 1 resource
2024-03-04 16:22:29,228 [Worker-27: Launching XmlUi] WARN  o.e.m.c.i.embedder.EclipseLogger - Using platform encoding (Cp1252 actually) to copy filtered resources, i.e. build is platform dependent!
2024-03-04 16:22:29,229 [Worker-27: Launching XmlUi] INFO  o.e.m.c.i.embedder.EclipseLogger - Copying 0 resource
2024-03-04 16:22:39,856 [Worker-24: Launching XmlUi] WARN  o.e.m.c.i.embedder.EclipseLogger - Using platform encoding (Cp1252 actually) to copy filtered resources, i.e. build is platform dependent!
2024-03-04 16:22:39,858 [Worker-24: Launching XmlUi] INFO  o.e.m.c.i.embedder.EclipseLogger - Copying 1 resource
2024-03-04 16:22:39,873 [Worker-24: Launching XmlUi] WARN  o.e.m.c.i.embedder.EclipseLogger - Using platform encoding (Cp1252 actually) to copy filtered resources, i.e. build is platform dependent!
2024-03-04 16:22:39,874 [Worker-24: Launching XmlUi] INFO  o.e.m.c.i.embedder.EclipseLogger - Copying 0 resource
2024-03-04 16:22:48,346 [Worker-24: Launching XmlUi] WARN  o.e.m.c.i.embedder.EclipseLogger - Using platform encoding (Cp1252 actually) to copy filtered resources, i.e. build is platform dependent!
2024-03-04 16:22:48,348 [Worker-24: Launching XmlUi] INFO  o.e.m.c.i.embedder.EclipseLogger - Copying 1 resource
2024-03-04 16:22:48,361 [Worker-24: Launching XmlUi] WARN  o.e.m.c.i.embedder.EclipseLogger - Using platform encoding (Cp1252 actually) to copy filtered resources, i.e. build is platform dependent!
2024-03-04 16:22:48,362 [Worker-24: Launching XmlUi] INFO  o.e.m.c.i.embedder.EclipseLogger - Copying 0 resource
2024-03-04 16:23:13,730 [Worker-24: Launching XmlUi] WARN  o.e.m.c.i.embedder.EclipseLogger - Using platform encoding (Cp1252 actually) to copy filtered resources, i.e. build is platform dependent!
2024-03-04 16:23:13,732 [Worker-24: Launching XmlUi] INFO  o.e.m.c.i.embedder.EclipseLogger - Copying 1 resource
2024-03-04 16:23:13,746 [Worker-24: Launching XmlUi] WARN  o.e.m.c.i.embedder.EclipseLogger - Using platform encoding (Cp1252 actually) to copy filtered resources, i.e. build is platform dependent!
2024-03-04 16:23:13,748 [Worker-24: Launching XmlUi] INFO  o.e.m.c.i.embedder.EclipseLogger - Copying 0 resource
2024-03-04 16:24:02,658 [Worker-20: Launching XmlUi] WARN  o.e.m.c.i.embedder.EclipseLogger - Using platform encoding (Cp1252 actually) to copy filtered resources, i.e. build is platform dependent!
2024-03-04 16:24:02,659 [Worker-20: Launching XmlUi] INFO  o.e.m.c.i.embedder.EclipseLogger - Copying 1 resource
2024-03-04 16:24:02,670 [Worker-20: Launching XmlUi] WARN  o.e.m.c.i.embedder.EclipseLogger - Using platform encoding (Cp1252 actually) to copy filtered resources, i.e. build is platform dependent!
2024-03-04 16:24:02,671 [Worker-20: Launching XmlUi] INFO  o.e.m.c.i.embedder.EclipseLogger - Copying 0 resource
2024-03-04 16:26:04,352 [Worker-30: Launching XmlUi] WARN  o.e.m.c.i.embedder.EclipseLogger - Using platform encoding (Cp1252 actually) to copy filtered resources, i.e. build is platform dependent!
2024-03-04 16:26:04,353 [Worker-30: Launching XmlUi] INFO  o.e.m.c.i.embedder.EclipseLogger - Copying 1 resource
2024-03-04 16:26:04,368 [Worker-30: Launching XmlUi] WARN  o.e.m.c.i.embedder.EclipseLogger - Using platform encoding (Cp1252 actually) to copy filtered resources, i.e. build is platform dependent!
2024-03-04 16:26:04,369 [Worker-30: Launching XmlUi] INFO  o.e.m.c.i.embedder.EclipseLogger - Copying 0 resource
2024-03-04 16:26:40,451 [Worker-31: Launching XmlUi] WARN  o.e.m.c.i.embedder.EclipseLogger - Using platform encoding (Cp1252 actually) to copy filtered resources, i.e. build is platform dependent!
2024-03-04 16:26:40,453 [Worker-31: Launching XmlUi] INFO  o.e.m.c.i.embedder.EclipseLogger - Copying 1 resource
2024-03-04 16:26:40,455 [Worker-31: Launching XmlUi] WARN  o.e.m.c.i.embedder.EclipseLogger - Using platform encoding (Cp1252 actually) to copy filtered resources, i.e. build is platform dependent!
2024-03-04 16:26:40,456 [Worker-31: Launching XmlUi] INFO  o.e.m.c.i.embedder.EclipseLogger - Copying 0 resource
2024-03-04 16:26:51,001 [Worker-24: Launching XmlUi] WARN  o.e.m.c.i.embedder.EclipseLogger - Using platform encoding (Cp1252 actually) to copy filtered resources, i.e. build is platform dependent!
2024-03-04 16:26:51,003 [Worker-24: Launching XmlUi] INFO  o.e.m.c.i.embedder.EclipseLogger - Copying 1 resource
2024-03-04 16:26:51,005 [Worker-24: Launching XmlUi] WARN  o.e.m.c.i.embedder.EclipseLogger - Using platform encoding (Cp1252 actually) to copy filtered resources, i.e. build is platform dependent!
2024-03-04 16:26:51,007 [Worker-24: Launching XmlUi] INFO  o.e.m.c.i.embedder.EclipseLogger - Copying 0 resource
2024-03-04 16:27:01,600 [Worker-32: Launching XmlUi] WARN  o.e.m.c.i.embedder.EclipseLogger - Using platform encoding (Cp1252 actually) to copy filtered resources, i.e. build is platform dependent!
2024-03-04 16:27:01,601 [Worker-32: Launching XmlUi] INFO  o.e.m.c.i.embedder.EclipseLogger - Copying 1 resource
2024-03-04 16:27:01,602 [Worker-32: Launching XmlUi] WARN  o.e.m.c.i.embedder.EclipseLogger - Using platform encoding (Cp1252 actually) to copy filtered resources, i.e. build is platform dependent!
2024-03-04 16:27:01,603 [Worker-32: Launching XmlUi] INFO  o.e.m.c.i.embedder.EclipseLogger - Copying 0 resource
2024-03-04 16:27:14,301 [Worker-24: Launching XmlUi] WARN  o.e.m.c.i.embedder.EclipseLogger - Using platform encoding (Cp1252 actually) to copy filtered resources, i.e. build is platform dependent!
2024-03-04 16:27:14,302 [Worker-24: Launching XmlUi] INFO  o.e.m.c.i.embedder.EclipseLogger - Copying 1 resource
2024-03-04 16:27:14,304 [Worker-24: Launching XmlUi] WARN  o.e.m.c.i.embedder.EclipseLogger - Using platform encoding (Cp1252 actually) to copy filtered resources, i.e. build is platform dependent!
2024-03-04 16:27:14,305 [Worker-24: Launching XmlUi] INFO  o.e.m.c.i.embedder.EclipseLogger - Copying 0 resource
2024-03-04 16:27:24,545 [Worker-30: Launching XmlUi] WARN  o.e.m.c.i.embedder.EclipseLogger - Using platform encoding (Cp1252 actually) to copy filtered resources, i.e. build is platform dependent!
2024-03-04 16:27:24,546 [Worker-30: Launching XmlUi] INFO  o.e.m.c.i.embedder.EclipseLogger - Copying 1 resource
2024-03-04 16:27:24,549 [Worker-30: Launching XmlUi] WARN  o.e.m.c.i.embedder.EclipseLogger - Using platform encoding (Cp1252 actually) to copy filtered resources, i.e. build is platform dependent!
2024-03-04 16:27:24,550 [Worker-30: Launching XmlUi] INFO  o.e.m.c.i.embedder.EclipseLogger - Copying 0 resource
2024-03-04 16:31:28,365 [Worker-31: Launching XmlUi] WARN  o.e.m.c.i.embedder.EclipseLogger - Using platform encoding (Cp1252 actually) to copy filtered resources, i.e. build is platform dependent!
2024-03-04 16:31:28,366 [Worker-31: Launching XmlUi] INFO  o.e.m.c.i.embedder.EclipseLogger - Copying 1 resource
2024-03-04 16:31:28,369 [Worker-31: Launching XmlUi] WARN  o.e.m.c.i.embedder.EclipseLogger - Using platform encoding (Cp1252 actually) to copy filtered resources, i.e. build is platform dependent!
2024-03-04 16:31:28,370 [Worker-31: Launching XmlUi] INFO  o.e.m.c.i.embedder.EclipseLogger - Copying 0 resource
2024-03-04 16:35:16,962 [Worker-34: Building] WARN  o.e.m.c.i.embedder.EclipseLogger - Using platform encoding (Cp1252 actually) to copy filtered resources, i.e. build is platform dependent!
2024-03-04 16:35:16,964 [Worker-34: Building] INFO  o.e.m.c.i.embedder.EclipseLogger - Copying 1 resource
2024-03-04 16:35:16,976 [Worker-34: Building] WARN  o.e.m.c.i.embedder.EclipseLogger - Using platform encoding (Cp1252 actually) to copy filtered resources, i.e. build is platform dependent!
2024-03-04 16:35:16,977 [Worker-34: Building] INFO  o.e.m.c.i.embedder.EclipseLogger - Copying 0 resource
2024-03-04 16:37:46,117 [Worker-36: Building] WARN  o.e.m.c.i.embedder.EclipseLogger - Using platform encoding (Cp1252 actually) to copy filtered resources, i.e. build is platform dependent!
2024-03-04 16:37:46,118 [Worker-36: Building] INFO  o.e.m.c.i.embedder.EclipseLogger - Copying 1 resource
2024-03-04 16:37:46,129 [Worker-36: Building] WARN  o.e.m.c.i.embedder.EclipseLogger - Using platform encoding (Cp1252 actually) to copy filtered resources, i.e. build is platform dependent!
2024-03-04 16:37:46,130 [Worker-36: Building] INFO  o.e.m.c.i.embedder.EclipseLogger - Copying 0 resource
2024-03-04 16:38:48,955 [Worker-36: Building] WARN  o.e.m.c.i.embedder.EclipseLogger - Using platform encoding (Cp1252 actually) to copy filtered resources, i.e. build is platform dependent!
2024-03-04 16:38:48,956 [Worker-36: Building] INFO  o.e.m.c.i.embedder.EclipseLogger - Copying 1 resource
2024-03-04 16:38:48,967 [Worker-36: Building] WARN  o.e.m.c.i.embedder.EclipseLogger - Using platform encoding (Cp1252 actually) to copy filtered resources, i.e. build is platform dependent!
2024-03-04 16:38:48,968 [Worker-36: Building] INFO  o.e.m.c.i.embedder.EclipseLogger - Copying 0 resource
2024-03-04 16:39:40,745 [Worker-37: Building] WARN  o.e.m.c.i.embedder.EclipseLogger - Using platform encoding (Cp1252 actually) to copy filtered resources, i.e. build is platform dependent!
2024-03-04 16:39:40,746 [Worker-37: Building] INFO  o.e.m.c.i.embedder.EclipseLogger - Copying 1 resource
2024-03-04 16:39:40,748 [Worker-37: Building] WARN  o.e.m.c.i.embedder.EclipseLogger - Using platform encoding (Cp1252 actually) to copy filtered resources, i.e. build is platform dependent!
2024-03-04 16:39:40,748 [Worker-37: Building] INFO  o.e.m.c.i.embedder.EclipseLogger - Copying 0 resource
2024-03-04 16:40:11,844 [Worker-36: Building] WARN  o.e.m.c.i.embedder.EclipseLogger - Using platform encoding (Cp1252 actually) to copy filtered resources, i.e. build is platform dependent!
2024-03-04 16:40:11,845 [Worker-36: Building] INFO  o.e.m.c.i.embedder.EclipseLogger - Copying 1 resource
2024-03-04 16:40:11,846 [Worker-36: Building] WARN  o.e.m.c.i.embedder.EclipseLogger - Using platform encoding (Cp1252 actually) to copy filtered resources, i.e. build is platform dependent!
2024-03-04 16:40:11,847 [Worker-36: Building] INFO  o.e.m.c.i.embedder.EclipseLogger - Copying 0 resource
2024-03-04 16:41:30,117 [Worker-38: Building] WARN  o.e.m.c.i.embedder.EclipseLogger - Using platform encoding (Cp1252 actually) to copy filtered resources, i.e. build is platform dependent!
2024-03-04 16:41:30,118 [Worker-38: Building] INFO  o.e.m.c.i.embedder.EclipseLogger - Copying 1 resource
2024-03-04 16:41:30,128 [Worker-38: Building] WARN  o.e.m.c.i.embedder.EclipseLogger - Using platform encoding (Cp1252 actually) to copy filtered resources, i.e. build is platform dependent!
2024-03-04 16:41:30,128 [Worker-38: Building] INFO  o.e.m.c.i.embedder.EclipseLogger - Copying 0 resource
2024-03-04 16:41:32,319 [Worker-37: Building] WARN  o.e.m.c.i.embedder.EclipseLogger - Using platform encoding (Cp1252 actually) to copy filtered resources, i.e. build is platform dependent!
2024-03-04 16:41:32,321 [Worker-37: Building] INFO  o.e.m.c.i.embedder.EclipseLogger - Copying 1 resource
2024-03-04 16:41:32,322 [Worker-37: Building] WARN  o.e.m.c.i.embedder.EclipseLogger - Using platform encoding (Cp1252 actually) to copy filtered resources, i.e. build is platform dependent!
2024-03-04 16:41:32,323 [Worker-37: Building] INFO  o.e.m.c.i.embedder.EclipseLogger - Copying 0 resource
